build 5.56.30 PM/flutter_local_notifications/intermediates/manifest_merge_blame_file/profile/manifest-merger-blame-profile-report.txt
1<?xml version="1.0" encoding="utf-8"?>
2<manifest xmlns:android="http://schemas.android.com/apk/res/android"
3    package="com.dexterous.flutterlocalnotifications" >
4
5    <uses-sdk
6        android:minSdkVersion="16"
6-->src/main/AndroidManifest.xml
7        android:targetSdkVersion="16" />
7-->src/main/AndroidManifest.xml
8
9    <uses-permission android:name="android.permission.RECEIVE_BOOT_COMPLETED" />
9-->src/main/AndroidManifest.xml:3:5-80
9-->src/main/AndroidManifest.xml:3:22-78
10    <uses-permission android:name="android.permission.VIBRATE" />
10-->src/main/AndroidManifest.xml:4:5-66
10-->src/main/AndroidManifest.xml:4:22-63
11    <uses-permission android:name="android.permission.USE_FULL_SCREEN_INTENT" />
11-->src/main/AndroidManifest.xml:5:5-81
11-->src/main/AndroidManifest.xml:5:22-78
12    <uses-permission android:name="android.permission.SCHEDULE_EXACT_ALARM" />
12-->src/main/AndroidManifest.xml:6:5-79
12-->src/main/AndroidManifest.xml:6:22-76
13    <uses-permission android:name="android.permission.POST_NOTIFICATIONS" />
13-->src/main/AndroidManifest.xml:7:5-76
13-->src/main/AndroidManifest.xml:7:22-74
14
15    <application>
15-->src/main/AndroidManifest.xml:8:5-18:19
16        <receiver
16-->src/main/AndroidManifest.xml:9:9-131
17            android:name="com.dexterous.flutterlocalnotifications.ScheduledNotificationReceiver"
17-->src/main/AndroidManifest.xml:9:44-128
18            android:exported="false" />
18-->src/main/AndroidManifest.xml:9:19-43
19        <receiver
19-->src/main/AndroidManifest.xml:10:9-17:20
20            android:name="com.dexterous.flutterlocalnotifications.ScheduledNotificationBootReceiver"
20-->src/main/AndroidManifest.xml:10:44-132
21            android:exported="false" >
21-->src/main/AndroidManifest.xml:10:19-43
22            <intent-filter>
22-->src/main/AndroidManifest.xml:11:13-16:29
23                <action android:name="android.intent.action.BOOT_COMPLETED" />
23-->src/main/AndroidManifest.xml:12:17-78
23-->src/main/AndroidManifest.xml:12:25-76
24                <action android:name="android.intent.action.MY_PACKAGE_REPLACED" />
24-->src/main/AndroidManifest.xml:13:17-83
24-->src/main/AndroidManifest.xml:13:25-81
25                <action android:name="android.intent.action.QUICKBOOT_POWERON" />
25-->src/main/AndroidManifest.xml:14:17-82
25-->src/main/AndroidManifest.xml:14:25-79
26                <action android:name="com.htc.intent.action.QUICKBOOT_POWERON" />
26-->src/main/AndroidManifest.xml:15:17-81
26-->src/main/AndroidManifest.xml:15:25-79
27            </intent-filter>
28        </receiver>
29    </application>
30
31</manifest>